[14-Jun-2022 17:37:17 UTC] PHP Fatal error:  Uncaught Error: Call to undefined function have_post() in C:\Users\kaveenThivanka\Local Sites\fictional-university\app\public\wp-content\themes\fictional-university-theme\index.php:2
Stack trace:
#0 C:\Users\kaveenThivanka\Local Sites\fictional-university\app\public\wp-includes\template-loader.php(106): include()
#1 C:\Users\kaveenThivanka\Local Sites\fictional-university\app\public\wp-blog-header.php(19): require_once('C:\\Users\\kaveen...')
#2 C:\Users\kaveenThivanka\Local Sites\fictional-university\app\public\index.php(17): require('C:\\Users\\kaveen...')
#3 {main}
  thrown in C:\Users\kaveenThivanka\Local Sites\fictional-university\app\public\wp-content\themes\fictional-university-theme\index.php on line 2
[14-Jun-2022 17:39:11 UTC] PHP Fatal error:  Uncaught Error: Call to undefined function the_tagline() in C:\Users\kaveenThivanka\Local Sites\fictional-university\app\public\wp-content\themes\fictional-university-theme\index.php:6
Stack trace:
#0 C:\Users\kaveenThivanka\Local Sites\fictional-university\app\public\wp-includes\template-loader.php(106): include()
#1 C:\Users\kaveenThivanka\Local Sites\fictional-university\app\public\wp-blog-header.php(19): require_once('C:\\Users\\kaveen...')
#2 C:\Users\kaveenThivanka\Local Sites\fictional-university\app\public\index.php(17): require('C:\\Users\\kaveen...')
#3 {main}
  thrown in C:\Users\kaveenThivanka\Local Sites\fictional-university\app\public\wp-content\themes\fictional-university-theme\index.php on line 6
[17-Jun-2022 13:58:08 UTC] PHP Parse error:  syntax error, unexpected ',' in C:\Users\kaveenThivanka\Local Sites\fictional-university\app\public\wp-content\themes\fictional-university-theme\front-page.php on line 35
[17-Jun-2022 13:58:12 UTC] PHP Parse error:  syntax error, unexpected ',' in C:\Users\kaveenThivanka\Local Sites\fictional-university\app\public\wp-content\themes\fictional-university-theme\front-page.php on line 35
[17-Jun-2022 14:51:45 UTC] PHP Parse error:  syntax error, unexpected '}' in C:\Users\kaveenThivanka\Local Sites\fictional-university\app\public\wp-content\themes\fictional-university-theme\front-page.php on line 83
[17-Jun-2022 15:22:09 UTC] PHP Fatal error:  Uncaught ArgumentCountError: Too few arguments to function get_post_type_archive_link(), 0 passed in C:\Users\kaveenThivanka\Local Sites\fictional-university\app\public\wp-content\themes\fictional-university-theme\front-page.php on line 63 and exactly 1 expected in C:\Users\kaveenThivanka\Local Sites\fictional-university\app\public\wp-includes\link-template.php:1297
Stack trace:
#0 C:\Users\kaveenThivanka\Local Sites\fictional-university\app\public\wp-content\themes\fictional-university-theme\front-page.php(63): get_post_type_archive_link()
#1 C:\Users\kaveenThivanka\Local Sites\fictional-university\app\public\wp-includes\template-loader.php(106): include('C:\\Users\\kaveen...')
#2 C:\Users\kaveenThivanka\Local Sites\fictional-university\app\public\wp-blog-header.php(19): require_once('C:\\Users\\kaveen...')
#3 C:\Users\kaveenThivanka\Local Sites\fictional-university\app\public\index.php(17): require('C:\\Users\\kaveen...')
#4 {main}
  thrown in C:\Users\kaveenThivanka\Local Sites\fictional-university\app\public\wp-includes\link-template.php on line 1297
[17-Jun-2022 19:36:06 UTC] PHP Parse error:  syntax error, unexpected end of file in C:\Users\kaveenThivanka\Local Sites\fictional-university\app\public\wp-content\themes\fictional-university-theme\single-event.php on line 51
[17-Jun-2022 19:36:32 UTC] PHP Parse error:  syntax error, unexpected end of file in C:\Users\kaveenThivanka\Local Sites\fictional-university\app\public\wp-content\themes\fictional-university-theme\single-event.php on line 51
[17-Jun-2022 19:36:45 UTC] PHP Parse error:  syntax error, unexpected end of file in C:\Users\kaveenThivanka\Local Sites\fictional-university\app\public\wp-content\themes\fictional-university-theme\single-event.php on line 51
[19-Jun-2022 07:56:24 UTC] PHP Parse error:  syntax error, unexpected '}', expecting end of file in C:\Users\kaveenThivanka\Local Sites\fictional-university\app\public\wp-content\themes\fictional-university-theme\single-professor.php on line 63
[19-Jun-2022 08:07:54 UTC] PHP Fatal error:  Uncaught Error: Cannot use object of type WP_Query as array in C:\Users\kaveenThivanka\Local Sites\fictional-university\app\public\wp-content\themes\fictional-university-theme\single-professor.php:40
Stack trace:
#0 C:\Users\kaveenThivanka\Local Sites\fictional-university\app\public\wp-includes\template-loader.php(106): include()
#1 C:\Users\kaveenThivanka\Local Sites\fictional-university\app\public\wp-blog-header.php(19): require_once('C:\\Users\\kaveen...')
#2 C:\Users\kaveenThivanka\Local Sites\fictional-university\app\public\index.php(17): require('C:\\Users\\kaveen...')
#3 {main}
  thrown in C:\Users\kaveenThivanka\Local Sites\fictional-university\app\public\wp-content\themes\fictional-university-theme\single-professor.php on line 40
[19-Jun-2022 08:07:58 UTC] PHP Fatal error:  Uncaught Error: Cannot use object of type WP_Query as array in C:\Users\kaveenThivanka\Local Sites\fictional-university\app\public\wp-content\themes\fictional-university-theme\single-professor.php:40
Stack trace:
#0 C:\Users\kaveenThivanka\Local Sites\fictional-university\app\public\wp-includes\template-loader.php(106): include()
#1 C:\Users\kaveenThivanka\Local Sites\fictional-university\app\public\wp-blog-header.php(19): require_once('C:\\Users\\kaveen...')
#2 C:\Users\kaveenThivanka\Local Sites\fictional-university\app\public\index.php(17): require('C:\\Users\\kaveen...')
#3 {main}
  thrown in C:\Users\kaveenThivanka\Local Sites\fictional-university\app\public\wp-content\themes\fictional-university-theme\single-professor.php on line 40
[19-Jun-2022 08:08:05 UTC] PHP Fatal error:  Uncaught Error: Cannot use object of type WP_Query as array in C:\Users\kaveenThivanka\Local Sites\fictional-university\app\public\wp-content\themes\fictional-university-theme\single-professor.php:40
Stack trace:
#0 C:\Users\kaveenThivanka\Local Sites\fictional-university\app\public\wp-includes\template-loader.php(106): include()
#1 C:\Users\kaveenThivanka\Local Sites\fictional-university\app\public\wp-blog-header.php(19): require_once('C:\\Users\\kaveen...')
#2 C:\Users\kaveenThivanka\Local Sites\fictional-university\app\public\index.php(17): require('C:\\Users\\kaveen...')
#3 {main}
  thrown in C:\Users\kaveenThivanka\Local Sites\fictional-university\app\public\wp-content\themes\fictional-university-theme\single-professor.php on line 40
[19-Jun-2022 08:13:16 UTC] PHP Fatal error:  Uncaught Error: Call to a member function have_posts() on array in C:\Users\kaveenThivanka\Local Sites\fictional-university\app\public\wp-content\themes\fictional-university-theme\single-professor.php:31
Stack trace:
#0 C:\Users\kaveenThivanka\Local Sites\fictional-university\app\public\wp-includes\template-loader.php(106): include()
#1 C:\Users\kaveenThivanka\Local Sites\fictional-university\app\public\wp-blog-header.php(19): require_once('C:\\Users\\kaveen...')
#2 C:\Users\kaveenThivanka\Local Sites\fictional-university\app\public\index.php(17): require('C:\\Users\\kaveen...')
#3 {main}
  thrown in C:\Users\kaveenThivanka\Local Sites\fictional-university\app\public\wp-content\themes\fictional-university-theme\single-professor.php on line 31
[19-Jun-2022 08:13:29 UTC] PHP Fatal error:  Uncaught Error: Call to a member function have_posts() on array in C:\Users\kaveenThivanka\Local Sites\fictional-university\app\public\wp-content\themes\fictional-university-theme\single-professor.php:31
Stack trace:
#0 C:\Users\kaveenThivanka\Local Sites\fictional-university\app\public\wp-includes\template-loader.php(106): include()
#1 C:\Users\kaveenThivanka\Local Sites\fictional-university\app\public\wp-blog-header.php(19): require_once('C:\\Users\\kaveen...')
#2 C:\Users\kaveenThivanka\Local Sites\fictional-university\app\public\index.php(17): require('C:\\Users\\kaveen...')
#3 {main}
  thrown in C:\Users\kaveenThivanka\Local Sites\fictional-university\app\public\wp-content\themes\fictional-university-theme\single-professor.php on line 31
[19-Jun-2022 08:13:44 UTC] PHP Fatal error:  Uncaught Error: Call to a member function have_posts() on array in C:\Users\kaveenThivanka\Local Sites\fictional-university\app\public\wp-content\themes\fictional-university-theme\single-professor.php:31
Stack trace:
#0 C:\Users\kaveenThivanka\Local Sites\fictional-university\app\public\wp-includes\template-loader.php(106): include()
#1 C:\Users\kaveenThivanka\Local Sites\fictional-university\app\public\wp-blog-header.php(19): require_once('C:\\Users\\kaveen...')
#2 C:\Users\kaveenThivanka\Local Sites\fictional-university\app\public\index.php(17): require('C:\\Users\\kaveen...')
#3 {main}
  thrown in C:\Users\kaveenThivanka\Local Sites\fictional-university\app\public\wp-content\themes\fictional-university-theme\single-professor.php on line 31
[19-Jun-2022 08:15:06 UTC] PHP Fatal error:  Uncaught Error: Call to a member function have_posts() on array in C:\Users\kaveenThivanka\Local Sites\fictional-university\app\public\wp-content\themes\fictional-university-theme\single-professor.php:29
Stack trace:
#0 C:\Users\kaveenThivanka\Local Sites\fictional-university\app\public\wp-includes\template-loader.php(106): include()
#1 C:\Users\kaveenThivanka\Local Sites\fictional-university\app\public\wp-blog-header.php(19): require_once('C:\\Users\\kaveen...')
#2 C:\Users\kaveenThivanka\Local Sites\fictional-university\app\public\index.php(17): require('C:\\Users\\kaveen...')
#3 {main}
  thrown in C:\Users\kaveenThivanka\Local Sites\fictional-university\app\public\wp-content\themes\fictional-university-theme\single-professor.php on line 29
[19-Jun-2022 09:53:02 UTC] PHP Fatal error:  Uncaught Error: Call to a member function have_posts() on null in C:\Users\kaveenThivanka\Local Sites\fictional-university\app\public\wp-content\themes\fictional-university-theme\single-program.php:50
Stack trace:
#0 C:\Users\kaveenThivanka\Local Sites\fictional-university\app\public\wp-includes\template-loader.php(106): include()
#1 C:\Users\kaveenThivanka\Local Sites\fictional-university\app\public\wp-blog-header.php(19): require_once('C:\\Users\\kaveen...')
#2 C:\Users\kaveenThivanka\Local Sites\fictional-university\app\public\index.php(17): require('C:\\Users\\kaveen...')
#3 {main}
  thrown in C:\Users\kaveenThivanka\Local Sites\fictional-university\app\public\wp-content\themes\fictional-university-theme\single-program.php on line 50
[19-Jun-2022 10:54:59 UTC] PHP Fatal error:  Uncaught Error: Call to undefined function the_post_thumbnails() in C:\Users\kaveenThivanka\Local Sites\fictional-university\app\public\wp-content\themes\fictional-university-theme\single-professor.php:22
Stack trace:
#0 C:\Users\kaveenThivanka\Local Sites\fictional-university\app\public\wp-includes\template-loader.php(106): include()
#1 C:\Users\kaveenThivanka\Local Sites\fictional-university\app\public\wp-blog-header.php(19): require_once('C:\\Users\\kaveen...')
#2 C:\Users\kaveenThivanka\Local Sites\fictional-university\app\public\index.php(17): require('C:\\Users\\kaveen...')
#3 {main}
  thrown in C:\Users\kaveenThivanka\Local Sites\fictional-university\app\public\wp-content\themes\fictional-university-theme\single-professor.php on line 22
[19-Jun-2022 13:04:23 UTC] PHP Fatal error:  Uncaught ArgumentCountError: Too few arguments to function add_image_size(), 0 passed in C:\Users\kaveenThivanka\Local Sites\fictional-university\app\public\wp-content\themes\fictional-university-theme\functions.php on line 27 and at least 1 expected in C:\Users\kaveenThivanka\Local Sites\fictional-university\app\public\wp-includes\media.php:291
Stack trace:
#0 C:\Users\kaveenThivanka\Local Sites\fictional-university\app\public\wp-content\themes\fictional-university-theme\functions.php(27): add_image_size()
#1 C:\Users\kaveenThivanka\Local Sites\fictional-university\app\public\wp-includes\class-wp-hook.php(307): university_features('')
#2 C:\Users\kaveenThivanka\Local Sites\fictional-university\app\public\wp-includes\class-wp-hook.php(331): WP_Hook->apply_filters(NULL, Array)
#3 C:\Users\kaveenThivanka\Local Sites\fictional-university\app\public\wp-includes\plugin.php(476): WP_Hook->do_action(Array)
#4 C:\Users\kaveenThivanka\Local Sites\fictional-university\app\public\wp-settings.php(576): do_action('after_s in C:\Users\kaveenThivanka\Local Sites\fictional-university\app\public\wp-includes\media.php on line 291
[19-Jun-2022 13:06:22 UTC] PHP Fatal error:  Uncaught ArgumentCountError: Too few arguments to function add_image_size(), 0 passed in C:\Users\kaveenThivanka\Local Sites\fictional-university\app\public\wp-content\themes\fictional-university-theme\functions.php on line 27 and at least 1 expected in C:\Users\kaveenThivanka\Local Sites\fictional-university\app\public\wp-includes\media.php:291
Stack trace:
#0 C:\Users\kaveenThivanka\Local Sites\fictional-university\app\public\wp-content\themes\fictional-university-theme\functions.php(27): add_image_size()
#1 C:\Users\kaveenThivanka\Local Sites\fictional-university\app\public\wp-includes\class-wp-hook.php(307): university_features('')
#2 C:\Users\kaveenThivanka\Local Sites\fictional-university\app\public\wp-includes\class-wp-hook.php(331): WP_Hook->apply_filters(NULL, Array)
#3 C:\Users\kaveenThivanka\Local Sites\fictional-university\app\public\wp-includes\plugin.php(476): WP_Hook->do_action(Array)
#4 C:\Users\kaveenThivanka\Local Sites\fictional-university\app\public\wp-settings.php(576): do_action('after_s in C:\Users\kaveenThivanka\Local Sites\fictional-university\app\public\wp-includes\media.php on line 291
[19-Jun-2022 15:18:58 UTC] PHP Fatal error:  Uncaught Error: Call to undefined function get_the_field() in C:\Users\kaveenThivanka\Local Sites\fictional-university\app\public\wp-content\themes\fictional-university-theme\page.php:8
Stack trace:
#0 C:\Users\kaveenThivanka\Local Sites\fictional-university\app\public\wp-includes\template-loader.php(106): include()
#1 C:\Users\kaveenThivanka\Local Sites\fictional-university\app\public\wp-blog-header.php(19): require_once('C:\\Users\\kaveen...')
#2 C:\Users\kaveenThivanka\Local Sites\fictional-university\app\public\index.php(17): require('C:\\Users\\kaveen...')
#3 {main}
  thrown in C:\Users\kaveenThivanka\Local Sites\fictional-university\app\public\wp-content\themes\fictional-university-theme\page.php on line 8
[19-Jun-2022 15:19:14 UTC] PHP Parse error:  syntax error, unexpected 'echo' (T_ECHO) in C:\Users\kaveenThivanka\Local Sites\fictional-university\app\public\wp-content\themes\fictional-university-theme\page.php on line 8
[19-Jun-2022 15:20:42 UTC] PHP Fatal error:  Uncaught Error: Call to undefined function get_page_banner_subtitle() in C:\Users\kaveenThivanka\Local Sites\fictional-university\app\public\wp-content\themes\fictional-university-theme\page.php:8
Stack trace:
#0 C:\Users\kaveenThivanka\Local Sites\fictional-university\app\public\wp-includes\template-loader.php(106): include()
#1 C:\Users\kaveenThivanka\Local Sites\fictional-university\app\public\wp-blog-header.php(19): require_once('C:\\Users\\kaveen...')
#2 C:\Users\kaveenThivanka\Local Sites\fictional-university\app\public\index.php(17): require('C:\\Users\\kaveen...')
#3 {main}
  thrown in C:\Users\kaveenThivanka\Local Sites\fictional-university\app\public\wp-content\themes\fictional-university-theme\page.php on line 8
[19-Jun-2022 15:42:07 UTC] PHP Fatal error:  Uncaught ArgumentCountError: Too few arguments to function pageBanner(), 0 passed in C:\Users\kaveenThivanka\Local Sites\fictional-university\app\public\wp-content\themes\fictional-university-theme\page.php on line 6 and exactly 1 expected in C:\Users\kaveenThivanka\Local Sites\fictional-university\app\public\wp-content\themes\fictional-university-theme\functions.php:3
Stack trace:
#0 C:\Users\kaveenThivanka\Local Sites\fictional-university\app\public\wp-content\themes\fictional-university-theme\page.php(6): pageBanner()
#1 C:\Users\kaveenThivanka\Local Sites\fictional-university\app\public\wp-includes\template-loader.php(106): include('C:\\Users\\kaveen...')
#2 C:\Users\kaveenThivanka\Local Sites\fictional-university\app\public\wp-blog-header.php(19): require_once('C:\\Users\\kaveen...')
#3 C:\Users\kaveenThivanka\Local Sites\fictional-university\app\public\index.php(17): require('C:\\Users\\kaveen...')
#4 {main}
  thrown in C:\Users\kaveenThivanka\Local Sites\fictional-university\app\public\wp-content\themes\fictional-university-theme\functions.php on line 3
[19-Jun-2022 16:34:27 UTC] PHP Parse error:  syntax error, unexpected '}', expecting end of file in C:\Users\kaveenThivanka\Local Sites\fictional-university\app\public\wp-content\themes\fictional-university-theme\index.php on line 33
